build/app/intermediates/manifest_merge_blame_file/release/manifest-merger-blame-release-report.txt
1<?xml version="1.0" encoding="utf-8"?>
2<manifest xmlns:android="http://schemas.android.com/apk/res/android"
3    package="com.example.gambolspark"
4    android:versionCode="1" >
5
6    <uses-sdk
7        android:minSdkVersion="21"
7-->src\main\AndroidManifest.xml
8        android:targetSdkVersion="30" />
8-->src\main\AndroidManifest.xml
9
10    <uses-permission android:name="android.permission.INTERNET" />
10-->[:firebase_messaging] AndroidManifest.xml:7:5-67
10-->[:firebase_messaging] AndroidManifest.xml:7:22-64
11    <uses-permission android:name="android.permission.WAKE_LOCK" />
11-->[:firebase_messaging] AndroidManifest.xml:8:5-68
11-->[:firebase_messaging] AndroidManifest.xml:8:22-65
12    <uses-permission android:name="android.permission.ACCESS_NETWORK_STATE" /> <!-- Required by older versions of Google Play services to create IID tokens -->
12-->[:firebase_messaging] AndroidManifest.xml:9:5-79
12-->[:firebase_messaging] AndroidManifest.xml:9:22-76
13    <uses-permission android:name="com.google.android.c2dm.permission.RECEIVE" />
13-->[com.google.firebase:firebase-messaging:23.0.3] AndroidManifest.xml:28:5-82
13-->[com.google.firebase:firebase-messaging:23.0.3] AndroidManifest.xml:28:22-79
14
15    <queries>
15-->[com.razorpay:checkout:1.6.19] AndroidManifest.xml:11:5-37:15
16        <intent>
16-->[com.razorpay:checkout:1.6.19] AndroidManifest.xml:12:9-18:18
17            <action android:name="android.intent.action.VIEW" />
17-->[com.google.firebase:firebase-auth:21.0.3] AndroidManifest.xml:34:17-69
17-->[com.google.firebase:firebase-auth:21.0.3] AndroidManifest.xml:34:25-66
18
19            <data
19-->[com.google.firebase:firebase-auth:21.0.3] AndroidManifest.xml:39:17-42:51
20                android:mimeType="*/*"
21                android:scheme="*" />
21-->[com.google.firebase:firebase-auth:21.0.3] AndroidManifest.xml:42:21-48
22        </intent>
23        <intent>
23-->[com.razorpay:checkout:1.6.19] AndroidManifest.xml:19:9-28:18
24            <action android:name="android.intent.action.VIEW" />
24-->[com.google.firebase:firebase-auth:21.0.3] AndroidManifest.xml:34:17-69
24-->[com.google.firebase:firebase-auth:21.0.3] AndroidManifest.xml:34:25-66
25
26            <category android:name="android.intent.category.BROWSABLE" />
26-->[com.google.firebase:firebase-auth:21.0.3] AndroidManifest.xml:37:17-78
26-->[com.google.firebase:firebase-auth:21.0.3] AndroidManifest.xml:37:27-75
27
28            <data
28-->[com.google.firebase:firebase-auth:21.0.3] AndroidManifest.xml:39:17-42:51
29                android:host="pay"
29-->[com.google.firebase:firebase-auth:21.0.3] AndroidManifest.xml:40:21-49
30                android:mimeType="*/*"
31                android:scheme="upi" />
31-->[com.google.firebase:firebase-auth:21.0.3] AndroidManifest.xml:42:21-48
32        </intent>
33        <intent>
33-->[com.razorpay:checkout:1.6.19] AndroidManifest.xml:29:9-31:18
34            <action android:name="android.intent.action.MAIN" />
34-->src\main\AndroidManifest.xml:24:17-68
34-->src\main\AndroidManifest.xml:24:25-66
35        </intent>
36        <intent>
36-->[com.razorpay:checkout:1.6.19] AndroidManifest.xml:32:9-36:18
37            <action android:name="android.intent.action.SEND" />
37-->[com.razorpay:checkout:1.6.19] AndroidManifest.xml:33:13-65
37-->[com.razorpay:checkout:1.6.19] AndroidManifest.xml:33:21-62
38
39            <data android:mimeType="*/*" />
39-->[com.google.firebase:firebase-auth:21.0.3] AndroidManifest.xml:39:17-42:51
40        </intent>
41    </queries>
42
43    <uses-feature
43-->[com.google.android.gms:play-services-maps:17.0.0] AndroidManifest.xml:26:5-28:35
44        android:glEsVersion="0x00020000"
44-->[com.google.android.gms:play-services-maps:17.0.0] AndroidManifest.xml:27:9-41
45        android:required="true" />
45-->[com.google.android.gms:play-services-maps:17.0.0] AndroidManifest.xml:28:9-32
46
47    <application
48        android:name="android.app.Application"
48-->src\main\AndroidManifest.xml:5:9-42
49        android:appComponentFactory="androidx.core.app.CoreComponentFactory"
49-->[androidx.core:core:1.6.0] AndroidManifest.xml:24:18-86
50        android:icon="@mipmap/ic_launcher"
50-->src\main\AndroidManifest.xml:6:9-43
51        android:label="Gambol Spark" >
51-->src\main\AndroidManifest.xml:4:9-37
52        <activity
52-->src\main\AndroidManifest.xml:7:9-27:20
53            android:name="com.example.gambolspark.MainActivity"
53-->src\main\AndroidManifest.xml:8:13-41
54            android:configChanges="orientation|keyboardHidden|keyboard|screenSize|smallestScreenSize|locale|layoutDirection|fontScale|screenLayout|density|uiMode"
54-->src\main\AndroidManifest.xml:12:13-163
55            android:exported="true"
55-->src\main\AndroidManifest.xml:9:13-36
56            android:hardwareAccelerated="true"
56-->src\main\AndroidManifest.xml:13:13-47
57            android:launchMode="singleTop"
57-->src\main\AndroidManifest.xml:10:13-43
58            android:theme="@style/LaunchTheme"
58-->src\main\AndroidManifest.xml:11:13-47
59            android:windowSoftInputMode="adjustResize" >
59-->src\main\AndroidManifest.xml:14:13-55
60
61            <!--
62                 Specifies an Android theme to apply to this Activity as soon as
63                 the Android process has started. This theme is visible to the user
64                 while the Flutter UI initializes. After that, this theme continues
65                 to determine the Window background behind the Flutter UI.
66            -->
67            <meta-data
67-->src\main\AndroidManifest.xml:19:13-22:17
68                android:name="io.flutter.embedding.android.NormalTheme"
68-->src\main\AndroidManifest.xml:20:15-70
69                android:resource="@style/NormalTheme" />
69-->src\main\AndroidManifest.xml:21:15-52
70
71            <intent-filter>
71-->src\main\AndroidManifest.xml:23:13-26:29
72                <action android:name="android.intent.action.MAIN" />
72-->src\main\AndroidManifest.xml:24:17-68
72-->src\main\AndroidManifest.xml:24:25-66
73
74                <category android:name="android.intent.category.LAUNCHER" />
74-->src\main\AndroidManifest.xml:25:17-76
74-->src\main\AndroidManifest.xml:25:27-74
75            </intent-filter>
76        </activity>
77        <!--
78             Don't delete the meta-data below.
79             This is used by the Flutter tool to generate GeneratedPluginRegistrant.java
80        -->
81        <meta-data
81-->src\main\AndroidManifest.xml:30:9-32:33
82            android:name="flutterEmbedding"
82-->src\main\AndroidManifest.xml:31:13-44
83            android:value="2" />
83-->src\main\AndroidManifest.xml:32:13-30
84
85        <service
85-->[:cloud_firestore] AndroidManifest.xml:8:9-12:19
86            android:name="com.google.firebase.components.ComponentDiscoveryService"
86-->[:cloud_firestore] AndroidManifest.xml:8:18-89
87            android:directBootAware="true"
87-->[com.google.firebase:firebase-common:20.1.0] AndroidManifest.xml:35:13-43
88            android:exported="false" >
88-->[com.google.firebase:firebase-auth:21.0.3] AndroidManifest.xml:66:13-37
89            <meta-data
89-->[:cloud_firestore] AndroidManifest.xml:9:13-11:85
90                android:name="com.google.firebase.components:io.flutter.plugins.firebase.firestore.FlutterFirebaseFirestoreRegistrar"
90-->[:cloud_firestore] AndroidManifest.xml:10:17-134
91                android:value="com.google.firebase.components.ComponentRegistrar" />
91-->[:cloud_firestore] AndroidManifest.xml:11:17-82
92            <meta-data
92-->[:firebase_auth] AndroidManifest.xml:9:13-11:85
93                android:name="com.google.firebase.components:io.flutter.plugins.firebase.auth.FlutterFirebaseAuthRegistrar"
93-->[:firebase_auth] AndroidManifest.xml:10:17-124
94                android:value="com.google.firebase.components.ComponentRegistrar" />
94-->[:firebase_auth] AndroidManifest.xml:11:17-82
95            <meta-data
95-->[:firebase_storage] AndroidManifest.xml:9:13-11:85
96                android:name="com.google.firebase.components:io.flutter.plugins.firebase.storage.FlutterFirebaseAppRegistrar"
96-->[:firebase_storage] AndroidManifest.xml:10:17-126
97                android:value="com.google.firebase.components.ComponentRegistrar" />
97-->[:firebase_storage] AndroidManifest.xml:11:17-82
98            <meta-data
98-->[:firebase_messaging] AndroidManifest.xml:34:13-36:85
99                android:name="com.google.firebase.components:io.flutter.plugins.firebase.messaging.FlutterFirebaseAppRegistrar"
99-->[:firebase_messaging] AndroidManifest.xml:35:17-128
100                android:value="com.google.firebase.components.ComponentRegistrar" />
100-->[:firebase_messaging] AndroidManifest.xml:36:17-82
101            <meta-data
101-->[:firebase_core] AndroidManifest.xml:9:13-11:85
102                android:name="com.google.firebase.components:io.flutter.plugins.firebase.core.FlutterFirebaseCoreRegistrar"
102-->[:firebase_core] AndroidManifest.xml:10:17-124
103                android:value="com.google.firebase.components.ComponentRegistrar" />
103-->[:firebase_core] AndroidManifest.xml:11:17-82
104            <meta-data
104-->[com.google.firebase:firebase-auth:21.0.3] AndroidManifest.xml:67:13-69:85
105                android:name="com.google.firebase.components:com.google.firebase.auth.FirebaseAuthRegistrar"
105-->[com.google.firebase:firebase-auth:21.0.3] AndroidManifest.xml:68:17-109
106                android:value="com.google.firebase.components.ComponentRegistrar" />
106-->[com.google.firebase:firebase-auth:21.0.3] AndroidManifest.xml:69:17-82
107            <meta-data
107-->[com.google.firebase:firebase-firestore:24.1.1] AndroidManifest.xml:20:13-22:85
108                android:name="com.google.firebase.components:com.google.firebase.firestore.FirestoreRegistrar"
108-->[com.google.firebase:firebase-firestore:24.1.1] AndroidManifest.xml:21:17-111
109                android:value="com.google.firebase.components.ComponentRegistrar" />
109-->[com.google.firebase:firebase-firestore:24.1.1] AndroidManifest.xml:22:17-82
110            <meta-data
110-->[com.google.firebase:firebase-messaging:23.0.3] AndroidManifest.xml:55:13-57:85
111                android:name="com.google.firebase.components:com.google.firebase.messaging.FirebaseMessagingRegistrar"
111-->[com.google.firebase:firebase-messaging:23.0.3] AndroidManifest.xml:56:17-119
112                android:value="com.google.firebase.components.ComponentRegistrar" />
112-->[com.google.firebase:firebase-messaging:23.0.3] AndroidManifest.xml:57:17-82
113            <meta-data
113-->[com.google.firebase:firebase-storage:20.0.1] AndroidManifest.xml:33:13-35:85
114                android:name="com.google.firebase.components:com.google.firebase.storage.StorageRegistrar"
114-->[com.google.firebase:firebase-storage:20.0.1] AndroidManifest.xml:34:17-107
115                android:value="com.google.firebase.components.ComponentRegistrar" />
115-->[com.google.firebase:firebase-storage:20.0.1] AndroidManifest.xml:35:17-82
116            <meta-data
116-->[com.google.firebase:firebase-datatransport:18.1.2] AndroidManifest.xml:28:13-30:85
117                android:name="com.google.firebase.components:com.google.firebase.datatransport.TransportRegistrar"
117-->[com.google.firebase:firebase-datatransport:18.1.2] AndroidManifest.xml:29:17-115
118                android:value="com.google.firebase.components.ComponentRegistrar" />
118-->[com.google.firebase:firebase-datatransport:18.1.2] AndroidManifest.xml:30:17-82
119            <meta-data
119-->[com.google.firebase:firebase-installations:17.0.1] AndroidManifest.xml:18:13-20:85
120                android:name="com.google.firebase.components:com.google.firebase.installations.FirebaseInstallationsRegistrar"
120-->[com.google.firebase:firebase-installations:17.0.1] AndroidManifest.xml:19:17-127
121                android:value="com.google.firebase.components.ComponentRegistrar" />
121-->[com.google.firebase:firebase-installations:17.0.1] AndroidManifest.xml:20:17-82
122        </service>
123        <service
123-->[:firebase_messaging] AndroidManifest.xml:12:9-15:72
124            android:name="io.flutter.plugins.firebase.messaging.FlutterFirebaseMessagingBackgroundService"
124-->[:firebase_messaging] AndroidManifest.xml:13:13-107
125            android:exported="false"
125-->[:firebase_messaging] AndroidManifest.xml:14:13-37
126            android:permission="android.permission.BIND_JOB_SERVICE" />
126-->[:firebase_messaging] AndroidManifest.xml:15:13-69
127        <service
127-->[:firebase_messaging] AndroidManifest.xml:16:9-22:19
128            android:name="io.flutter.plugins.firebase.messaging.FlutterFirebaseMessagingService"
128-->[:firebase_messaging] AndroidManifest.xml:17:13-97
129            android:exported="false" >
129-->[:firebase_messaging] AndroidManifest.xml:18:13-37
130            <intent-filter>
130-->[:firebase_messaging] AndroidManifest.xml:19:13-21:29
131                <action android:name="com.google.firebase.MESSAGING_EVENT" />
131-->[:firebase_messaging] AndroidManifest.xml:20:17-78
131-->[:firebase_messaging] AndroidManifest.xml:20:25-75
132            </intent-filter>
133        </service>
134
135        <receiver
135-->[:firebase_messaging] AndroidManifest.xml:24:9-31:20
136            android:name="io.flutter.plugins.firebase.messaging.FlutterFirebaseMessagingReceiver"
136-->[:firebase_messaging] AndroidManifest.xml:25:13-98
137            android:exported="true"
137-->[:firebase_messaging] AndroidManifest.xml:26:13-36
138            android:permission="com.google.android.c2dm.permission.SEND" >
138-->[:firebase_messaging] AndroidManifest.xml:27:13-73
139            <intent-filter>
139-->[:firebase_messaging] AndroidManifest.xml:28:13-30:29
140                <action android:name="com.google.android.c2dm.intent.RECEIVE" />
140-->[:firebase_messaging] AndroidManifest.xml:29:17-81
140-->[:firebase_messaging] AndroidManifest.xml:29:25-78
141            </intent-filter>
142        </receiver>
143
144        <provider
144-->[:firebase_messaging] AndroidManifest.xml:39:9-43:38
145            android:name="io.flutter.plugins.firebase.messaging.FlutterFirebaseMessagingInitProvider"
145-->[:firebase_messaging] AndroidManifest.xml:40:13-102
146            android:authorities="com.example.gambolspark.flutterfirebasemessaginginitprovider"
146-->[:firebase_messaging] AndroidManifest.xml:41:13-88
147            android:exported="false"
147-->[:firebase_messaging] AndroidManifest.xml:42:13-37
148            android:initOrder="99" />
148-->[:firebase_messaging] AndroidManifest.xml:43:13-35
149        <provider
149-->[:image_picker_android] AndroidManifest.xml:8:9-16:20
150            android:name="io.flutter.plugins.imagepicker.ImagePickerFileProvider"
150-->[:image_picker_android] AndroidManifest.xml:9:13-82
151            android:authorities="com.example.gambolspark.flutter.image_provider"
151-->[:image_picker_android] AndroidManifest.xml:10:13-74
152            android:exported="false"
152-->[:image_picker_android] AndroidManifest.xml:11:13-37
153            android:grantUriPermissions="true" >
153-->[:image_picker_android] AndroidManifest.xml:12:13-47
154            <meta-data
154-->[:image_picker_android] AndroidManifest.xml:13:13-15:75
155                android:name="android.support.FILE_PROVIDER_PATHS"
155-->[:image_picker_android] AndroidManifest.xml:14:17-67
156                android:resource="@xml/flutter_image_picker_file_paths" />
156-->[:image_picker_android] AndroidManifest.xml:15:17-72
157        </provider>
158
159        <activity
159-->[:url_launcher_android] AndroidManifest.xml:8:9-11:74
160            android:name="io.flutter.plugins.urllauncher.WebViewActivity"
160-->[:url_launcher_android] AndroidManifest.xml:9:13-74
161            android:exported="false"
161-->[:url_launcher_android] AndroidManifest.xml:10:13-37
162            android:theme="@android:style/Theme.NoTitleBar.Fullscreen" />
162-->[:url_launcher_android] AndroidManifest.xml:11:13-71
163
164        <uses-library
164-->[androidx.window:window:1.0.0-beta04] AndroidManifest.xml:25:9-27:40
165            android:name="androidx.window.extensions"
165-->[androidx.window:window:1.0.0-beta04] AndroidManifest.xml:26:13-54
166            android:required="false" />
166-->[androidx.window:window:1.0.0-beta04] AndroidManifest.xml:27:13-37
167        <uses-library
167-->[androidx.window:window:1.0.0-beta04] AndroidManifest.xml:28:9-30:40
168            android:name="androidx.window.sidecar"
168-->[androidx.window:window:1.0.0-beta04] AndroidManifest.xml:29:13-51
169            android:required="false" />
169-->[androidx.window:window:1.0.0-beta04] AndroidManifest.xml:30:13-37
170
171        <activity
171-->[com.google.firebase:firebase-auth:21.0.3] AndroidManifest.xml:27:9-44:20
172            android:name="com.google.firebase.auth.internal.GenericIdpActivity"
172-->[com.google.firebase:firebase-auth:21.0.3] AndroidManifest.xml:28:13-80
173            android:excludeFromRecents="true"
173-->[com.google.firebase:firebase-auth:21.0.3] AndroidManifest.xml:29:13-46
174            android:exported="true"
174-->[com.google.firebase:firebase-auth:21.0.3] AndroidManifest.xml:30:13-36
175            android:launchMode="singleTask"
175-->[com.google.firebase:firebase-auth:21.0.3] AndroidManifest.xml:31:13-44
176            android:theme="@android:style/Theme.Translucent.NoTitleBar" >
176-->[com.google.firebase:firebase-auth:21.0.3] AndroidManifest.xml:32:13-72
177            <intent-filter>
177-->[com.google.firebase:firebase-auth:21.0.3] AndroidManifest.xml:33:13-43:29
178                <action android:name="android.intent.action.VIEW" />
178-->[com.google.firebase:firebase-auth:21.0.3] AndroidManifest.xml:34:17-69
178-->[com.google.firebase:firebase-auth:21.0.3] AndroidManifest.xml:34:25-66
179
180                <category android:name="android.intent.category.DEFAULT" />
180-->[com.google.firebase:firebase-auth:21.0.3] AndroidManifest.xml:36:17-76
180-->[com.google.firebase:firebase-auth:21.0.3] AndroidManifest.xml:36:27-73
181                <category android:name="android.intent.category.BROWSABLE" />
181-->[com.google.firebase:firebase-auth:21.0.3] AndroidManifest.xml:37:17-78
181-->[com.google.firebase:firebase-auth:21.0.3] AndroidManifest.xml:37:27-75
182
183                <data
183-->[com.google.firebase:firebase-auth:21.0.3] AndroidManifest.xml:39:17-42:51
184                    android:host="firebase.auth"
184-->[com.google.firebase:firebase-auth:21.0.3] AndroidManifest.xml:40:21-49
185                    android:path="/"
185-->[com.google.firebase:firebase-auth:21.0.3] AndroidManifest.xml:41:21-37
186                    android:scheme="genericidp" />
186-->[com.google.firebase:firebase-auth:21.0.3] AndroidManifest.xml:42:21-48
187            </intent-filter>
188        </activity>
189        <activity
189-->[com.google.firebase:firebase-auth:21.0.3] AndroidManifest.xml:45:9-62:20
190            android:name="com.google.firebase.auth.internal.RecaptchaActivity"
190-->[com.google.firebase:firebase-auth:21.0.3] AndroidManifest.xml:46:13-79
191            android:excludeFromRecents="true"
191-->[com.google.firebase:firebase-auth:21.0.3] AndroidManifest.xml:47:13-46
192            android:exported="true"
192-->[com.google.firebase:firebase-auth:21.0.3] AndroidManifest.xml:48:13-36
193            android:launchMode="singleTask"
193-->[com.google.firebase:firebase-auth:21.0.3] AndroidManifest.xml:49:13-44
194            android:theme="@android:style/Theme.Translucent.NoTitleBar" >
194-->[com.google.firebase:firebase-auth:21.0.3] AndroidManifest.xml:50:13-72
195            <intent-filter>
195-->[com.google.firebase:firebase-auth:21.0.3] AndroidManifest.xml:51:13-61:29
196                <action android:name="android.intent.action.VIEW" />
196-->[com.google.firebase:firebase-auth:21.0.3] AndroidManifest.xml:34:17-69
196-->[com.google.firebase:firebase-auth:21.0.3] AndroidManifest.xml:34:25-66
197
198                <category android:name="android.intent.category.DEFAULT" />
198-->[com.google.firebase:firebase-auth:21.0.3] AndroidManifest.xml:36:17-76
198-->[com.google.firebase:firebase-auth:21.0.3] AndroidManifest.xml:36:27-73
199                <category android:name="android.intent.category.BROWSABLE" />
199-->[com.google.firebase:firebase-auth:21.0.3] AndroidManifest.xml:37:17-78
199-->[com.google.firebase:firebase-auth:21.0.3] AndroidManifest.xml:37:27-75
200
201                <data
201-->[com.google.firebase:firebase-auth:21.0.3] AndroidManifest.xml:39:17-42:51
202                    android:host="firebase.auth"
202-->[com.google.firebase:firebase-auth:21.0.3] AndroidManifest.xml:40:21-49
203                    android:path="/"
203-->[com.google.firebase:firebase-auth:21.0.3] AndroidManifest.xml:41:21-37
204                    android:scheme="recaptcha" />
204-->[com.google.firebase:firebase-auth:21.0.3] AndroidManifest.xml:42:21-48
205            </intent-filter>
206        </activity>
207
208        <receiver
208-->[com.google.firebase:firebase-messaging:23.0.3] AndroidManifest.xml:31:9-38:20
209            android:name="com.google.firebase.iid.FirebaseInstanceIdReceiver"
209-->[com.google.firebase:firebase-messaging:23.0.3] AndroidManifest.xml:32:13-78
210            android:exported="true"
210-->[com.google.firebase:firebase-messaging:23.0.3] AndroidManifest.xml:33:13-36
211            android:permission="com.google.android.c2dm.permission.SEND" >
211-->[com.google.firebase:firebase-messaging:23.0.3] AndroidManifest.xml:34:13-73
212            <intent-filter>
212-->[:firebase_messaging] AndroidManifest.xml:28:13-30:29
213                <action android:name="com.google.android.c2dm.intent.RECEIVE" />
213-->[:firebase_messaging] AndroidManifest.xml:29:17-81
213-->[:firebase_messaging] AndroidManifest.xml:29:25-78
214            </intent-filter>
215        </receiver>
216        <!--
217             FirebaseMessagingService performs security checks at runtime,
218             but set to not exported to explicitly avoid allowing another app to call it.
219        -->
220        <service
220-->[com.google.firebase:firebase-messaging:23.0.3] AndroidManifest.xml:44:9-51:19
221            android:name="com.google.firebase.messaging.FirebaseMessagingService"
221-->[com.google.firebase:firebase-messaging:23.0.3] AndroidManifest.xml:45:13-82
222            android:directBootAware="true"
222-->[com.google.firebase:firebase-messaging:23.0.3] AndroidManifest.xml:46:13-43
223            android:exported="false" >
223-->[com.google.firebase:firebase-messaging:23.0.3] AndroidManifest.xml:47:13-37
224            <intent-filter android:priority="-500" >
224-->[:firebase_messaging] AndroidManifest.xml:19:13-21:29
225                <action android:name="com.google.firebase.MESSAGING_EVENT" />
225-->[:firebase_messaging] AndroidManifest.xml:20:17-78
225-->[:firebase_messaging] AndroidManifest.xml:20:25-75
226            </intent-filter>
227        </service>
228
229        <provider
229-->[com.google.firebase:firebase-common:20.1.0] AndroidManifest.xml:26:9-31:39
230            android:name="com.google.firebase.provider.FirebaseInitProvider"
230-->[com.google.firebase:firebase-common:20.1.0] AndroidManifest.xml:27:13-77
231            android:authorities="com.example.gambolspark.firebaseinitprovider"
231-->[com.google.firebase:firebase-common:20.1.0] AndroidManifest.xml:28:13-72
232            android:directBootAware="true"
232-->[com.google.firebase:firebase-common:20.1.0] AndroidManifest.xml:29:13-43
233            android:exported="false"
233-->[com.google.firebase:firebase-common:20.1.0] AndroidManifest.xml:30:13-37
234            android:initOrder="100" />
234-->[com.google.firebase:firebase-common:20.1.0] AndroidManifest.xml:31:13-36
235
236        <receiver
236-->[com.razorpay:checkout:1.6.19] AndroidManifest.xml:40:9-46:20
237            android:name="com.razorpay.RzpTokenReceiver"
237-->[com.razorpay:checkout:1.6.19] AndroidManifest.xml:41:13-57
238            android:exported="false" >
238-->[com.razorpay:checkout:1.6.19] AndroidManifest.xml:42:13-37
239            <intent-filter>
239-->[com.razorpay:checkout:1.6.19] AndroidManifest.xml:43:13-45:29
240                <action android:name="rzp.device_token.share" />
240-->[com.razorpay:checkout:1.6.19] AndroidManifest.xml:44:17-65
240-->[com.razorpay:checkout:1.6.19] AndroidManifest.xml:44:25-62
241            </intent-filter>
242        </receiver>
243
244        <activity
244-->[com.razorpay:checkout:1.6.19] AndroidManifest.xml:48:9-60:20
245            android:name="com.razorpay.CheckoutActivity"
245-->[com.razorpay:checkout:1.6.19] AndroidManifest.xml:49:13-57
246            android:configChanges="keyboard|keyboardHidden|orientation|screenSize"
246-->[com.razorpay:checkout:1.6.19] AndroidManifest.xml:50:13-83
247            android:exported="true"
247-->[com.razorpay:checkout:1.6.19] AndroidManifest.xml:51:13-36
248            android:theme="@style/CheckoutTheme" >
248-->[com.razorpay:checkout:1.6.19] AndroidManifest.xml:52:13-49
249            <intent-filter>
249-->[com.razorpay:checkout:1.6.19] AndroidManifest.xml:53:13-59:29
250                <action android:name="android.intent.action.MAIN" />
250-->src\main\AndroidManifest.xml:24:17-68
250-->src\main\AndroidManifest.xml:24:25-66
251
252                <data
252-->[com.google.firebase:firebase-auth:21.0.3] AndroidManifest.xml:39:17-42:51
253                    android:host="rzp.io"
253-->[com.google.firebase:firebase-auth:21.0.3] AndroidManifest.xml:40:21-49
254                    android:scheme="io.rzp" />
254-->[com.google.firebase:firebase-auth:21.0.3] AndroidManifest.xml:42:21-48
255            </intent-filter>
256        </activity>
257
258        <meta-data
258-->[com.razorpay:checkout:1.6.19] AndroidManifest.xml:62:9-64:58
259            android:name="com.razorpay.plugin.googlepay_all"
259-->[com.razorpay:checkout:1.6.19] AndroidManifest.xml:63:13-61
260            android:value="com.razorpay.RzpGpayMerged" />
260-->[com.razorpay:checkout:1.6.19] AndroidManifest.xml:64:13-55
261
262        <activity
262-->[com.google.android.gms:play-services-auth:17.0.0] AndroidManifest.xml:23:9-27:75
263            android:name="com.google.android.gms.auth.api.signin.internal.SignInHubActivity"
263-->[com.google.android.gms:play-services-auth:17.0.0] AndroidManifest.xml:24:13-93
264            android:excludeFromRecents="true"
264-->[com.google.android.gms:play-services-auth:17.0.0] AndroidManifest.xml:25:13-46
265            android:exported="false"
265-->[com.google.android.gms:play-services-auth:17.0.0] AndroidManifest.xml:26:13-37
266            android:theme="@android:style/Theme.Translucent.NoTitleBar" />
266-->[com.google.android.gms:play-services-auth:17.0.0] AndroidManifest.xml:27:13-72
267        <!--
268            Service handling Google Sign-In user revocation. For apps that do not integrate with
269            Google Sign-In, this service will never be started.
270        -->
271        <service
271-->[com.google.android.gms:play-services-auth:17.0.0] AndroidManifest.xml:33:9-36:110
272            android:name="com.google.android.gms.auth.api.signin.RevocationBoundService"
272-->[com.google.android.gms:play-services-auth:17.0.0] AndroidManifest.xml:34:13-89
273            android:exported="true"
273-->[com.google.android.gms:play-services-auth:17.0.0] AndroidManifest.xml:35:13-36
274            android:permission="com.google.android.gms.auth.api.signin.permission.REVOCATION_NOTIFICATION" /> <!-- Needs to be explicitly declared on P+ -->
274-->[com.google.android.gms:play-services-auth:17.0.0] AndroidManifest.xml:36:13-107
275        <uses-library
275-->[com.google.android.gms:play-services-maps:17.0.0] AndroidManifest.xml:33:9-35:40
276            android:name="org.apache.http.legacy"
276-->[com.google.android.gms:play-services-maps:17.0.0] AndroidManifest.xml:34:13-50
277            android:required="false" />
277-->[com.google.android.gms:play-services-maps:17.0.0] AndroidManifest.xml:35:13-37
278
279        <activity
279-->[com.google.android.gms:play-services-base:18.0.1] AndroidManifest.xml:20:9-22:45
280            android:name="com.google.android.gms.common.api.GoogleApiActivity"
280-->[com.google.android.gms:play-services-base:18.0.1] AndroidManifest.xml:20:19-85
281            android:exported="false"
281-->[com.google.android.gms:play-services-base:18.0.1] AndroidManifest.xml:22:19-43
282            android:theme="@android:style/Theme.Translucent.NoTitleBar" />
282-->[com.google.android.gms:play-services-base:18.0.1] AndroidManifest.xml:21:19-78
283
284        <meta-data
284-->[com.google.android.gms:play-services-basement:18.0.0] AndroidManifest.xml:21:9-23:69
285            android:name="com.google.android.gms.version"
285-->[com.google.android.gms:play-services-basement:18.0.0] AndroidManifest.xml:22:13-58
286            android:value="@integer/google_play_services_version" />
286-->[com.google.android.gms:play-services-basement:18.0.0] AndroidManifest.xml:23:13-66
287
288        <service
288-->[com.google.android.datatransport:transport-backend-cct:3.1.3] AndroidManifest.xml:29:9-35:19
289            android:name="com.google.android.datatransport.runtime.backends.TransportBackendDiscovery"
289-->[com.google.android.datatransport:transport-backend-cct:3.1.3] AndroidManifest.xml:30:13-103
290            android:exported="false" >
290-->[com.google.android.datatransport:transport-backend-cct:3.1.3] AndroidManifest.xml:31:13-37
291            <meta-data
291-->[com.google.android.datatransport:transport-backend-cct:3.1.3] AndroidManifest.xml:32:13-34:39
292                android:name="backend:com.google.android.datatransport.cct.CctBackendFactory"
292-->[com.google.android.datatransport:transport-backend-cct:3.1.3] AndroidManifest.xml:33:17-94
293                android:value="cct" />